Arguments: 
  C:\Program Files\nodejs\node.exe C:\Users\PF0SHLC6\AppData\Roaming\npm\node_modules\yarn\bin\yarn.js install

PATH: 
  D:\app\client\PF0SHLC6\product\12.2.0\client_1\bin;D:\app\oraBase\product\11.2.0\client_1\bin;C:\ProgramData\Oracle\Java\javapath;C:\WINDOWS\system32;C:\WINDOWS;C:\WINDOWS\System32\Wbem;C:\WINDOWS\System32\WindowsPowerShell\v1.0\;C:\WINDOWS\System32\OpenSSH\;C:\Program Files (x86)\Windows Kits\8.1\Windows Performance Toolkit\;C:\Program Files\Microsoft SQL Server\110\Tools\Binn\;C:\Program Files (x86)\Microsoft SDKs\TypeScript\1.0\;C:\Program Files\Microsoft SQL Server\120\Tools\Binn\;C:\Program Files\TortoiseSVN\bin;C:\Program Files\Git\cmd;C:\Program Files\nodejs\;C:\Program Files\PuTTY\;C:\Program Files\Go\bin;C:\Program Files\php-8.2.0;;C:\Program Files\Docker\Docker\resources\bin;C:\Users\PF0SHLC6\AppData\Local\Microsoft\WindowsApps;C:\flutter\bin;C:\flutter\.pub-cache\bin;C:\Program Files\OpenSSL-Win64\bin;C:\Users\PF0SHLC6\AppData\Local\Programs\Microsoft VS Code\bin;C:\Users\PF0SHLC6\AppData\Roaming\npm;C:\Users\PF0SHLC6\go\bin;C:\Program Files\php-8.2.0;C:\php;

Yarn version: 
  1.22.19

Node version: 
  16.17.1

Platform: 
  win32 x64

Trace: 
  Error: https://registry.yarnpkg.com/@fortawesome/fontawesome-free/-/fontawesome-free-5.15.3.tgz: ESOCKETTIMEDOUT
      at ClientRequest.<anonymous> (C:\Users\PF0SHLC6\AppData\Roaming\npm\node_modules\yarn\lib\cli.js:141517:19)
      at Object.onceWrapper (node:events:627:28)
      at ClientRequest.emit (node:events:513:28)
      at TLSSocket.emitRequestTimeout (node:_http_client:814:9)
      at Object.onceWrapper (node:events:627:28)
      at TLSSocket.emit (node:events:525:35)
      at TLSSocket.Socket._onTimeout (node:net:526:8)
      at listOnTimeout (node:internal/timers:559:17)
      at processTimers (node:internal/timers:502:7)

npm manifest: 
  {
    "name": "argon-dashboard-react",
    "version": "1.2.2",
    "description": "React version of Argon Dashboard by Creative Tim",
    "main": "index.js",
    "repository": {
      "type": "git",
      "url": "git+https://github.com/creativetimofficial/argon-dashboard-react.git"
    },
    "keywords": [
      "react",
      "reactjs",
      "argon",
      "argon-react",
      "dashboard",
      "dashboard-react",
      "argon-dashboard",
      "argon-dashboard-react"
    ],
    "author": "Creative Tim",
    "license": "MIT",
    "bugs": {
      "url": "https://github.com/creativetimofficial/argon-dashboard-react/issues"
    },
    "homepage": "https://demos.creative-tim.com/argon-dashboard-react/",
    "scripts": {
      "start": "react-scripts start",
      "build": "react-scripts build",
      "test": "react-scripts test",
      "eject": "react-scripts eject",
      "install:clean": "rm -rf node_modules/ && rm -rf package-lock.json && npm install && npm start",
      "compile:scss": "sass src/assets/scss/argon-dashboard-react.scss src/assets/css/argon-dashboard-react.css",
      "minify:scss": "sass src/assets/scss/argon-dashboard-react.scss src/assets/css/argon-dashboard-react.min.css --style compressed",
      "build:scss": "npm run compile:scss && npm run minify:scss && npm run map:scss"
    },
    "eslintConfig": {
      "extends": "react-app"
    },
    "browserslist": [
      ">0.2%",
      "not dead",
      "not ie <= 11",
      "not op_mini all"
    ],
    "dependencies": {
      "@fortawesome/fontawesome-free": "5.15.3",
      "bootstrap": "4.6.0",
      "chart.js": "2.9.4",
      "classnames": "2.3.1",
      "moment": "2.29.4",
      "nouislider": "15.2.0",
      "react": "18.2.0",
      "react-chartjs-2": "2.11.1",
      "react-copy-to-clipboard": "5.1.0",
      "react-datetime": "3.1.1",
      "react-dom": "18.2.0",
      "react-router-dom": "5.2.0",
      "react-scripts": "5.0.1",
      "reactstrap": "8.9.0",
      "sass": "1.54.5"
    },
    "devDependencies": {
      "gulp": "4.0.2",
      "gulp-append-prepend": "1.0.9"
    },
    "peerDependencies": {
      "react": ">=16.0.0",
      "react-dom": ">=16.0.0"
    },
    "optionalDependencies": {
      "eslint-plugin-flowtype": "8.0.3",
      "jquery": "3.6.0",
      "typescript": "4.8.2"
    }
  }

yarn manifest: 
  No manifest

Lockfile: 
  No lockfile
